<?xml version="1.0" encoding="UTF-8"?>
<!-- Generated by org.testng.reporters.JUnitReportReporter -->
<testsuite skipped="0" hostname="DESKTOP-8AVOBS7" name="com.exceldemo.ReadDataFromExcelSheet" tests="7" failures="0" timestamp="14 Dec 2021 10:37:26 GMT" time="0.047" errors="0">
  <testcase name="readDataFromExcel" time="0.013" classname="com.exceldemo.ReadDataFromExcelSheet"/>
  <testcase name="readDataFromExcel" time="0.003" classname="com.exceldemo.ReadDataFromExcelSheet"/>
  <testcase name="readDataFromExcel" time="0.005" classname="com.exceldemo.ReadDataFromExcelSheet"/>
  <testcase name="readDataFromExcel" time="0.016" classname="com.exceldemo.ReadDataFromExcelSheet"/>
  <testcase name="readDataFromExcel" time="0.002" classname="com.exceldemo.ReadDataFromExcelSheet"/>
  <testcase name="readDataFromExcel" time="0.002" classname="com.exceldemo.ReadDataFromExcelSheet"/>
  <testcase name="readDataFromExcel" time="0.006" classname="com.exceldemo.ReadDataFromExcelSheet"/>
</testsuite> <!-- com.exceldemo.ReadDataFromExcelSheet -->
