<?xml version="1.0" encoding="UTF-8"?>
<!-- Generated by org.testng.reporters.JUnitReportReporter -->
<testsuite skipped="0" hostname="DESKTOP-8AVOBS7" name="com.ydcc.login.LoginPageTestCase" tests="2" failures="0" timestamp="05 Dec 2021 09:22:13 GMT" time="40.569" errors="0">
  <testcase name="toVerifyValidUsernameAndValidPassword" time="20.964" classname="com.ydcc.login.LoginPageTestCase"/>
  <testcase name="toVerifyInvalidUsernameAndInvalidPassword" time="19.605" classname="com.ydcc.login.LoginPageTestCase"/>
</testsuite> <!-- com.ydcc.login.LoginPageTestCase -->
